\BOOKMARK [1][]{Outline1}{Esittely ja perusteet}{}% 1
\BOOKMARK [2][]{Outline1.1}{Editorit}{Outline1}% 2
\BOOKMARK [2][]{Outline1.2}{Editorien evoluutio}{Outline1}% 3
\BOOKMARK [2][]{Outline1.3}{Vim}{Outline1}% 4
\BOOKMARK [2][]{Outline1.4}{Vi:n perusasiat}{Outline1}% 5
\BOOKMARK [2][]{Outline1.5}{Tekstink\344sittely}{Outline1}% 6
\BOOKMARK [1][]{Outline2}{Tekstink\344sittely\344}{}% 7
\BOOKMARK [2][]{Outline2.6}{Pari kehittynytt\344 liikekomentoa}{Outline2}% 8
\BOOKMARK [2][]{Outline2.7}{Tekstin ''maalaus'' \205 visual-moodi}{Outline2}% 9
\BOOKMARK [2][]{Outline2.8}{Rekisterit \205 Vimin vastine leikep\366yd\344lle}{Outline2}% 10
\BOOKMARK [2][]{Outline2.9}{Etsi\203}{Outline2}% 11
\BOOKMARK [2][]{Outline2.10}{\203ja korvaa}{Outline2}% 12
\BOOKMARK [1][]{Outline3}{Usean tiedoston kanssa ty\366skentely}{}% 13
\BOOKMARK [2][]{Outline3.11}{Sanat\344ydennykset}{Outline3}% 14
\BOOKMARK [2][]{Outline3.12}{Asetuksia}{Outline3}% 15
\BOOKMARK [2][]{Outline3.13}{Puskurit}{Outline3}% 16
\BOOKMARK [2][]{Outline3.14}{Ikkunat}{Outline3}% 17
\BOOKMARK [1][]{Outline4}{Kehittyneit\344, sekalaisia menetelmi\344}{}% 18
\BOOKMARK [2][]{Outline4.15}{Digraafit}{Outline4}% 19
\BOOKMARK [2][]{Outline4.16}{Lyhennelm\344t}{Outline4}% 20
\BOOKMARK [2][]{Outline4.17}{Makrot}{Outline4}% 21
\BOOKMARK [2][]{Outline4.18}{Pikan\344pp\344imet}{Outline4}% 22
\BOOKMARK [2][]{Outline4.19}{Muuta sekalaista}{Outline4}% 23
\BOOKMARK [2][]{Outline4.20}{Mit\344 j\344i k\344sittelem\344tt\344?}{Outline4}% 24
